<?xml version="1.0" encoding="UTF-8"?>
<!-- Generated by org.testng.reporters.JUnitReportReporter -->
<testsuite skipped="0" hostname="shubhagg-mac" name="logic.ShawdowDomElement" tests="1" failures="0" timestamp="2022-07-07T12:33:04 IST" time="4.089" errors="0">
  <testcase name="handlePsuedoElements" time="4.089" classname="logic.ShawdowDomElement"/>
</testsuite> <!-- logic.ShawdowDomElement -->
