<?xml version="1.0" encoding="UTF-8"?>
<!-- Generated by org.testng.reporters.JUnitReportReporter -->
<testsuite skipped="0" hostname="shubhagg-mac" name="logic.JavaScriptDemo" tests="1" failures="0" timestamp="2021-06-01T15:29:15 IST" time="10.077" errors="0">
  <testcase name="scrollPage" time="10.077" classname="logic.JavaScriptDemo"/>
</testsuite> <!-- logic.JavaScriptDemo -->
