<?xml version="1.0" encoding="UTF-8"?>
<!-- Generated by org.testng.reporters.JUnitReportReporter -->
<testsuite skipped="0" hostname="shubhagg-mac" name="logic.HandleMultiWindow" tests="1" failures="0" timestamp="2022-06-30T16:06:11 IST" time="5.880" errors="0">
  <testcase name="handleWindowPopups" time="5.880" classname="logic.HandleMultiWindow"/>
</testsuite> <!-- logic.HandleMultiWindow -->
